# JRE version: OpenJDK Runtime Environment Corretto-17.0.7.7.1 (17.0.7+7) (build 17.0.7+7-LTS)
# Java VM: OpenJDK 64-Bit Server VM Corretto-17.0.7.7.1 (17.0.7+7-LTS, mixed mode, emulated-client, sharing, tiered, compressed oops, compressed class ptrs, g1 gc, bsd-aarch64)
GC Precious Log:
 CPUs: 8 total, 8 available
 Memory: 16384M
 Large Page Support: Disabled
 NUMA Support: Disabled
 Compressed Oops: Enabled (Zero based)
 Heap Region Size: 2M
 Heap Min Capacity: 8M
 Heap Initial Capacity: 256M
 Heap Max Capacity: 4G
 Pre-touch: Disabled
 Parallel Workers: 8
 Concurrent Workers: 2
 Concurrent Refinement Workers: 8
 Periodic GC: Disabled
Heap:
 garbage-first heap   total 83968K, used 40704K [0x0000000700000000, 0x0000000800000000)
  region size 2048K, 14 young (28672K), 2 survivors (4096K)
 Metaspace       used 33746K, committed 34304K, reserved 1114112K
  class space    used 4819K, committed 5056K, reserved 1048576K
GC Heap History (10 events):
Event: 0.254 GC heap before
{Heap before GC invocations=0 (full 0):
 garbage-first heap   total 266240K, used 22496K [0x0000000700000000, 0x0000000800000000)
  region size 2048K, 11 young (22528K), 0 survivors (0K)
 Metaspace       used 7537K, committed 7744K, reserved 1114112K
  class space    used 986K, committed 1088K, reserved 1048576K
}
Event: 0.257 GC heap after
{Heap after GC invocations=1 (full 0):
 garbage-first heap   total 266240K, used 8558K [0x0000000700000000, 0x0000000800000000)
  region size 2048K, 2 young (4096K), 2 survivors (4096K)
 Metaspace       used 7537K, committed 7744K, reserved 1114112K
  class space    used 986K, committed 1088K, reserved 1048576K
}
Event: 0.405 GC heap before
{Heap before GC invocations=1 (full 0):
 garbage-first heap   total 266240K, used 35182K [0x0000000700000000, 0x0000000800000000)
  region size 2048K, 15 young (30720K), 2 survivors (4096K)
 Metaspace       used 13465K, committed 13696K, reserved 1114112K
  class space    used 1813K, committed 1920K, reserved 1048576K
}
Event: 0.407 GC heap after
{Heap after GC invocations=2 (full 0):
 garbage-first heap   total 266240K, used 10809K [0x0000000700000000, 0x0000000800000000)
  region size 2048K, 2 young (4096K), 2 survivors (4096K)
 Metaspace       used 13465K, committed 13696K, reserved 1114112K
  class space    used 1813K, committed 1920K, reserved 1048576K
}
Event: 0.758 GC heap before
{Heap before GC invocations=2 (full 0):
 garbage-first heap   total 266240K, used 68153K [0x0000000700000000, 0x0000000800000000)
  region size 2048K, 31 young (63488K), 2 survivors (4096K)
 Metaspace       used 21130K, committed 21504K, reserved 1114112K
  class space    used 2944K, committed 3136K, reserved 1048576K
}
Event: 0.761 GC heap after
{Heap after GC invocations=3 (full 0):
 garbage-first heap   total 266240K, used 14498K [0x0000000700000000, 0x0000000800000000)
  region size 2048K, 3 young (6144K), 3 survivors (6144K)
 Metaspace       used 21130K, committed 21504K, reserved 1114112K
  class space    used 2944K, committed 3136K, reserved 1048576K
}
Event: 1.014 GC heap before
{Heap before GC invocations=4 (full 0):
 garbage-first heap   total 69632K, used 49314K [0x0000000700000000, 0x0000000800000000)
  region size 2048K, 21 young (43008K), 3 survivors (6144K)
 Metaspace       used 27257K, committed 27712K, reserved 1114112K
  class space    used 3835K, committed 4032K, reserved 1048576K
}
Event: 1.018 GC heap after
{Heap after GC invocations=5 (full 0):
 garbage-first heap   total 69632K, used 18767K [0x0000000700000000, 0x0000000800000000)
  region size 2048K, 5 young (10240K), 5 survivors (10240K)
 Metaspace       used 27257K, committed 27712K, reserved 1114112K
  class space    used 3835K, committed 4032K, reserved 1048576K
}
Event: 1.665 GC heap before
{Heap before GC invocations=5 (full 0):
 garbage-first heap   total 69632K, used 43343K [0x0000000700000000, 0x0000000800000000)
  region size 2048K, 17 young (34816K), 5 survivors (10240K)
 Metaspace       used 30700K, committed 31168K, reserved 1114112K
  class space    used 4392K, committed 4608K, reserved 1048576K
}
Event: 1.671 GC heap after
{Heap after GC invocations=6 (full 0):
 garbage-first heap   total 83968K, used 20224K [0x0000000700000000, 0x0000000800000000)
  region size 2048K, 2 young (4096K), 2 survivors (4096K)
 Metaspace       used 30700K, committed 31168K, reserved 1114112K
  class space    used 4392K, committed 4608K, reserved 1048576K
}

